<?xml version="1.0" encoding="UTF-8"?>
<!-- Generated by org.testng.reporters.JUnitReportReporter -->
<testsuite hostname="CSCO-W-PF2S42X9" failures="0" tests="1" name="test.GetRequest" time="1.683" errors="0" timestamp="03 Dec 2021 06:53:15 GMT" skipped="0">
  <testcase classname="test.GetRequest" name="GetCall" time="1.683"/>
</testsuite> <!-- test.GetRequest -->
