<?xml version="1.0" encoding="UTF-8"?>
<!-- Generated by org.testng.reporters.JUnitReportReporter -->
<testsuite hostname="CSCO-W-PF2S42X9" failures="0" tests="1" name="test.PostRequest" time="2.254" errors="0" timestamp="03 Dec 2021 06:54:54 GMT" skipped="0">
  <testcase classname="test.PostRequest" name="PostCall" time="2.254"/>
</testsuite> <!-- test.PostRequest -->
